"../../../Engine/Content/ArtTools/RenderToTexture/Enums/RenderToTexture_Enum.uasset" 0
"../../../Engine/Content/ArtTools/RenderToTexture/Enums/RenderToTexture_Flipbook_Enum.uasset" 1
"../../../Engine/Content/ArtTools/RenderToTexture/Enums/RenderToTexture_Imposter_Enum.uasset" 2
"../../../Engine/Content/EditorBlueprintResources/StandardMacros.uasset" 3
"../../../Engine/Content/ArtTools/RenderToTexture/Enums/EIntTypes.uasset" 4
"../../../Engine/Content/ArtTools/RenderToTexture/Macros/RenderToTextureFunctionLibrary.uasset" 5
"../../../Engine/Content/ArtTools/RenderToTexture/Enums/EFloatTypes.uasset" 6
"../../../Engine/Content/ArtTools/RenderToTexture/Macros/RenderToTextureMacros.uasset" 7
"../../../Engine/Content/Functions/Engine_MaterialFunctions01/Opacity/CameraDepthFade.uasset" 8
"../../../Engine/Content/EngineMaterials/T_Default_Material_Grid_M.uasset" 9
"../../../Engine/Content/EngineMaterials/T_Default_Material_Grid_N.uasset" 10
"../../../Engine/Content/EngineMaterials/WorldGridMaterial.uasset" 11
"../../../Engine/Content/ArtTools/RenderToTexture/Meshes/S_1_Unit_Plane.uasset" 12
"../../../Engine/Content/EngineMaterials/DefaultPhysicalMaterial.uasset" 13
"../../../Engine/Content/BufferVisualization/AmbientOcclusion.uasset" 14
"../../../Engine/Content/BufferVisualization/BaseColor.uasset" 15
"../../../Engine/Content/BufferVisualization/CustomDepth.uasset" 16
"../../../Engine/Content/Functions/Engine_MaterialFunctions02/Utility/VectorLength.uasset" 17
"../../../Engine/Content/BufferVisualization/CustomDepthWorldUnits.uasset" 18
"../../../Engine/Content/Functions/Engine_MaterialFunctions02/Utility/BreakOutFloat2Components.uasset" 19
"../../../Engine/Content/Functions/Engine_MaterialFunctions01/Texturing/ScaleUVsByCenter.uasset" 20
"../../../Engine/Content/Functions/Engine_MaterialFunctions02/ScreenResolution.uasset" 21
"../../../Engine/Content/Functions/Engine_MaterialFunctions02/Texturing/ScreenAlignedUVs.uasset" 22
"../../../Engine/Content/Functions/Engine_MaterialFunctions02/Utility/MakeFloat2.uasset" 23
"../../../Engine/Content/Functions/Engine_MaterialFunctions02/Utility/MakeFloat3.uasset" 24
"../../../Engine/Content/EngineMaterials/MiniFont.uasset" 25
"../../../Engine/Content/BufferVisualization/CustomStencil.uasset" 26
"../../../Engine/Content/BufferVisualization/FinalImage.uasset" 27
"../../../Engine/Content/BufferVisualization/LightingModel.uasset" 28
"../../../Engine/Content/BufferVisualization/MaterialAO.uasset" 29
"../../../Engine/Content/BufferVisualization/Metallic.uasset" 30
"../../../Engine/Content/BufferVisualization/Opacity.uasset" 31
"../../../Engine/Content/BufferVisualization/PostTonemapHDRColor.uasset" 32
"../../../Engine/Content/BufferVisualization/PreTonemapHDRColor.uasset" 33
"../../../Engine/Content/BufferVisualization/Roughness.uasset" 34
"../../../Engine/Content/BufferVisualization/SceneColor.uasset" 35
"../../../Engine/Content/BufferVisualization/SceneDepth.uasset" 36
"../../../Engine/Content/BufferVisualization/SceneDepthWorldUnits.uasset" 37
"../../../Engine/Content/BufferVisualization/SeparateTranslucencyA.uasset" 38
"../../../Engine/Content/BufferVisualization/SeparateTranslucencyRGB.uasset" 39
"../../../Engine/Content/BufferVisualization/Specular.uasset" 40
"../../../Engine/Content/BufferVisualization/SubsurfaceColor.uasset" 41
"../../../Engine/Content/BufferVisualization/WorldNormal.uasset" 42
"../../../Engine/Content/EditorBlueprintResources/ActorMacros.uasset" 43
"../../../Engine/Content/EditorLandscapeResources/DataLayer.uasset" 44
"../../../Engine/Content/EditorLandscapeResources/DefaultAlphaTexture.uasset" 45
"../../../Engine/Content/EditorLandscapeResources/LandscapeGizmoHeight_Mat.uasset" 46
"../../../Engine/Content/EditorLandscapeResources/LandscapeGizmo_Mat.uasset" 47
"../../../Engine/Content/EditorLandscapeResources/LandscapeGizmo_Mat_Copied.uasset" 48
"../../../Engine/Content/EditorLandscapeResources/SplineEditorMeshMat.uasset" 49
"../../../Engine/Content/EditorLandscapeResources/SplineEditorMesh.uasset" 50
"../../../Engine/Content/EditorMaterials/Cross.uasset" 51
"../../../Engine/Content/EditorMaterials/Cross_Mat.uasset" 52
"../../../Engine/Content/EditorMaterials/GizmoMaterial.uasset" 53
"../../../Engine/Content/Functions/Engine_MaterialFunctions02/Utility/Sign.uasset" 54
"../../../Engine/Content/Functions/Engine_MaterialFunctions02/Utility/Round.uasset" 55
"../../../Engine/Content/Functions/Engine_MaterialFunctions02/ExampleContent/Textures/flipbook.uasset" 56
"../../../Engine/Content/Functions/Engine_MaterialFunctions02/Texturing/FlipBook.uasset" 57
"../../../Engine/Content/EditorResources/T_EditorHelp.uasset" 58
"../../../Engine/Content/EditorMaterials/HelpActorMaterial.uasset" 59
"../../../Engine/Content/EditorMaterials/CompositeARGBLayer.uasset" 60
"../../../Engine/Content/EditorMaterials/TilingAALineIntegral.uasset" 61
"../../../Engine/Content/EditorMaterials/TilingAALineBoxFiltered.uasset" 62
"../../../Engine/Content/Functions/Engine_MaterialFunctions03/Procedurals/ComputeFilterWidth.uasset" 63
"../../../Engine/Content/EditorMaterials/TilingAADots.uasset" 64
"../../../Engine/Content/EditorMaterials/Cascade/CASC_Cross.uasset" 65
"../../../Engine/Content/EditorMaterials/Cascade/CASC_None.uasset" 66
"../../../Engine/Content/Functions/Engine_MaterialFunctions03/Blends/Blend_Screen.uasset" 67
"../../../Engine/Content/EditorMaterials/TilingAAGrid.uasset" 68
"../../../Engine/Content/EditorMaterials/LevelGridMaterial.uasset" 69
"../../../Engine/Content/EditorMaterials/MakeCompositeARGBLayer.uasset" 70
"../../../Engine/Content/EditorResources/LevelGrid1DStripes.uasset" 71
"../../../Engine/Content/EditorMaterials/TextureGridCascaded1D.uasset" 72
"../../../Engine/Content/EditorMaterials/TextureGridCascaded2D.uasset" 73
"../../../Engine/Content/EditorMaterials/LevelGridMaterial2.uasset" 74
"../../../Engine/Content/EditorMaterials/MAT_Groups_Toggle.uasset" 75
"../../../Engine/Content/EditorMaterials/MAT_Groups_Visibility.uasset" 76
"../../../Engine/Content/EditorMaterials/AntialiasedGridFloor.uasset" 77
"../../../Engine/Content/EditorResources/TilePatine_D.uasset" 78
"../../../Engine/Content/EditorResources/TilePatine_N.uasset" 79
"../../../Engine/Content/EngineMaterials/Grid.uasset" 80
"../../../Engine/Content/EditorMaterials/PersonaFloorMat.uasset" 81
"../../../Engine/Content/EditorMaterials/PhAT_BoneSelectedMaterial.uasset" 82
"../../../Engine/Content/EditorMaterials/PhAT_ElemSelectedMaterial.uasset" 83
"../../../Engine/Content/EditorMaterials/PhAT_NoCollisionMaterial.uasset" 84
"../../../Engine/Content/EditorMaterials/PhAT_UnselectedMaterial.uasset" 85
"../../../Engine/Content/EditorMaterials/PreviewShadowIndicator.uasset" 86
"../../../Engine/Content/EditorMaterials/PreviewShadowIndicatorMaterial.uasset" 87
"../../../Engine/Content/EditorMaterials/TargetIcon.uasset" 88
"../../../Engine/Content/EditorMaterials/Tick.uasset" 89
"../../../Engine/Content/EditorMaterials/Tick_Mat.uasset" 90
"../../../Engine/Content/EditorMaterials/WidgetGridVertexColorMaterial.uasset" 91
"../../../Engine/Content/EditorMaterials/WidgetGridVertexColorMaterial_Ma.uasset" 92
"../../../Engine/Content/EditorMaterials/WidgetMaterial.uasset" 93
"../../../Engine/Content/EditorMaterials/WidgetMaterial_Current.uasset" 94
"../../../Engine/Content/EditorMaterials/WidgetMaterial_X.uasset" 95
"../../../Engine/Content/EditorMaterials/WidgetMaterial_Y.uasset" 96
"../../../Engine/Content/EditorMaterials/WidgetMaterial_Z.uasset" 97
"../../../Engine/Content/EditorMaterials/WidgetVertexColorMaterial.uasset" 98
"../../../Engine/Content/EditorMaterials/AssetViewer/EpicQuadPanorama_CC+EV1.uasset" 99
"../../../Engine/Content/EditorMaterials/MatineeGroups/MAT_ColorTrack.uasset" 100
"../../../Engine/Content/EditorMaterials/MatineeGroups/MAT_Groups_Anim.uasset" 101
"../../../Engine/Content/EditorMaterials/MatineeGroups/MAT_Groups_AudioMaster.uasset" 102
"../../../Engine/Content/EditorMaterials/MatineeGroups/MAT_Groups_Director.uasset" 103
"../../../Engine/Content/EditorMaterials/MatineeGroups/MAT_Groups_Event.uasset" 104
"../../../Engine/Content/EditorMaterials/MatineeGroups/MAT_Groups_Fade.uasset" 105
"../../../Engine/Content/EditorMaterials/MatineeGroups/MAT_Groups_Float.uasset" 106
"../../../Engine/Content/EditorMaterials/MatineeGroups/MAT_Groups_Move.uasset" 107
"../../../Engine/Content/EditorMaterials/MatineeGroups/MAT_Groups_Slomo.uasset" 108
"../../../Engine/Content/EditorMaterials/MatineeGroups/MAT_Groups_Sound.uasset" 109
"../../../Engine/Content/EditorMaterials/MatineeGroups/MAT_Groups_Vector.uasset" 110
"../../../Engine/Content/EditorMaterials/ParticleSystems/PSysThumbnail_NoImage.uasset" 111
"../../../Engine/Content/EditorMaterials/ParticleSystems/PSysThumbnail_OOD.uasset" 112
"../../../Engine/Content/EditorMaterials/Thumbnails/FloorPlaneMaterial.uasset" 113
"../../../Engine/Content/EditorMeshes/EditorCylinder.uasset" 114
"../../../Engine/Content/EditorMeshes/EditorPlane.uasset" 115
"../../../Engine/Content/EditorMaterials/Thumbnails/SkySphereMaterial.uasset" 116
"../../../Engine/Content/EditorMeshes/EditorSkySphere.uasset" 117
"../../../Engine/Content/EditorMeshes/EditorSphere.uasset" 118
"../../../Engine/Content/EditorResources/MatineeCam_D.uasset" 119
"../../../Engine/Content/EditorMaterials/MatineeCam_mat.uasset" 120
"../../../Engine/Content/EditorMeshes/MatineeCam_SM.uasset" 121
"../../../Engine/Content/Functions/Engine_MaterialFunctions01/Shading/ConvertFromDiffSpec.uasset" 122
"../../../Engine/Content/EditorMaterials/GridMaterial.uasset" 123
"../../../Engine/Content/EditorMeshes/PhAT_FloorBox.uasset" 124
"../../../Engine/Content/EditorMaterials/Camera/CineMat.uasset" 125
"../../../Engine/Content/EditorMaterials/Camera/MI_CineMat_CameraBody.uasset" 126
"../../../Engine/Content/EngineDebugMaterials/M_SimpleOpaque.uasset" 127
"../../../Engine/Content/EditorMaterials/Camera/MI_CineMat_CamViewFinder.uasset" 128
"../../../Engine/Content/EditorMeshes/Camera/SM_CineCam.uasset" 129
"../../../Engine/Content/EditorMaterials/Camera/MI_CineMat_Rig.uasset" 130
"../../../Engine/Content/EditorMeshes/Camera/SM_CraneRig_Arm.uasset" 131
"../../../Engine/Content/EditorMeshes/Camera/SM_CraneRig_Base.uasset" 132
"../../../Engine/Content/EditorMeshes/Camera/SM_CraneRig_Body.uasset" 133
"../../../Engine/Content/EditorMeshes/Camera/SM_CraneRig_Mount.uasset" 134
"../../../Engine/Content/EditorMeshes/Camera/SM_RailRig_Mount.uasset" 135
"../../../Engine/Content/EditorMeshes/Camera/SM_RailRig_Track.uasset" 136
"../../../Engine/Content/EditorMeshes/ColorCalibrator/M_ChromeBall.uasset" 137
"../../../Engine/Content/EditorMeshes/ColorCalibrator/M_ClearCoat.uasset" 138
"../../../Engine/Content/EditorMeshes/ColorCalibrator/M_ClearCoatBlack.uasset" 139
"../../../Engine/Content/EditorMeshes/ColorCalibrator/T_ColorGrid.uasset" 140
"../../../Engine/Content/EditorMeshes/ColorCalibrator/M_ColorGrid.uasset" 141
"../../../Engine/Content/EditorMeshes/ColorCalibrator/M_GreyBall.uasset" 142
"../../../Engine/Content/EditorMeshes/ColorCalibrator/SM_ColorCalibrator.uasset" 143
"../../../Engine/Content/EditorResources/Bad.uasset" 144
"../../../Engine/Content/EditorResources/BSPVertex.uasset" 145
"../../../Engine/Content/EditorResources/EmptyActor.uasset" 146
"../../../Engine/Content/EditorResources/MatInstActSprite.uasset" 147
"../../../Engine/Content/EditorResources/RGBTable16x1_AssetViewer.uasset" 148
"../../../Engine/Content/EditorResources/SceneManager.uasset" 149
"../../../Engine/Content/EditorResources/SmallFont.uasset" 150
"../../../Engine/Content/EditorResources/S_Actor.uasset" 151
"../../../Engine/Content/EditorResources/S_DecalActorIcon.uasset" 152
"../../../Engine/Content/EditorResources/S_Emitter.uasset" 153
"../../../Engine/Content/EditorResources/S_ExpoHeightFog.uasset" 154
"../../../Engine/Content/EditorResources/S_FTest.uasset" 155
"../../../Engine/Content/EditorResources/S_KBSJoint.uasset" 156
"../../../Engine/Content/EditorResources/S_KHinge.uasset" 157
"../../../Engine/Content/EditorResources/S_KPrismatic.uasset" 158
"../../../Engine/Content/EditorResources/S_LevelSequence.uasset" 159
"../../../Engine/Content/EditorResources/S_NavP.uasset" 160
"../../../Engine/Content/EditorResources/S_Note.uasset" 161
"../../../Engine/Content/EditorResources/S_Player.uasset" 162
"../../../Engine/Content/EditorResources/S_PortalActorIcon2.uasset" 163
"../../../Engine/Content/EditorResources/S_RadForce.uasset" 164
"../../../Engine/Content/EditorResources/S_ReflActorIcon.uasset" 165
"../../../Engine/Content/EditorResources/S_Terrain.uasset" 166
"../../../Engine/Content/EditorResources/S_TextRenderActorIcon.uasset" 167
"../../../Engine/Content/EditorResources/S_Thruster.uasset" 168
"../../../Engine/Content/EditorResources/S_Trigger.uasset" 169
"../../../Engine/Content/EditorResources/S_VectorFieldVol.uasset" 170
"../../../Engine/Content/EditorResources/S_WindDirectional.uasset" 171
"../../../Engine/Content/EditorResources/AI/S_NavLink.uasset" 172
"../../../Engine/Content/EditorResources/LightIcons/SkyLight.uasset" 173
"../../../Engine/Content/EditorResources/LightIcons/S_LightDirectional.uasset" 174
"../../../Engine/Content/EditorResources/LightIcons/S_LightDirectionalMove.uasset" 175
"../../../Engine/Content/EditorResources/LightIcons/S_LightError.uasset" 176
"../../../Engine/Content/EditorResources/LightIcons/S_LightPoint.uasset" 177
"../../../Engine/Content/EditorResources/LightIcons/S_LightPointMove.uasset" 178
"../../../Engine/Content/EditorResources/LightIcons/S_LightSpot.uasset" 179
"../../../Engine/Content/EditorResources/LightIcons/S_LightSpotMove.uasset" 180
"../../../Engine/Content/EditorResources/SequenceRecorder/Countdown.uasset" 181
"../../../Engine/Content/EditorResources/SequenceRecorder/RecordingIndicator.uasset" 182
"../../../Engine/Content/EditorResources/Spline/T_Loft_Spline.uasset" 183
"../../../Engine/Content/EditorSounds/GamePreview/EndPlayInEditor.uasset" 184
"../../../Engine/Content/EditorSounds/GamePreview/EndPlayInEditor_Cue.uasset" 185
"../../../Engine/Content/EditorSounds/Notifications/CompileFailed.uasset" 186
"../../../Engine/Content/EditorSounds/Notifications/CompileFailed_Cue.uasset" 187
"../../../Engine/Content/EditorSounds/Notifications/CompileSuccess.uasset" 188
"../../../Engine/Content/EditorSounds/Notifications/CompileStart_Cue.uasset" 189
"../../../Engine/Content/EditorSounds/Notifications/CompileSuccess_Cue.uasset" 190
"../../../Engine/Content/EngineDamageTypes/DmgTypeBP_Environmental.uasset" 191
"../../../Engine/Content/EngineDebugMaterials/HeatmapGradient.uasset" 192
"../../../Engine/Content/EngineDebugMaterials/BoneWeightMaterial.uasset" 193
"../../../Engine/Content/EngineDebugMaterials/DebugMeshMaterial.uasset" 194
"../../../Engine/Content/EngineDebugMaterials/GeomMaterial.uasset" 195
"../../../Engine/Content/EngineDebugMaterials/LevelColorationLitMaterial.uasset" 196
"../../../Engine/Content/EngineDebugMaterials/LevelColorationUnlitMaterial.uasset" 197
"../../../Engine/Content/EngineMaterials/DefaultWhiteGrid.uasset" 198
"../../../Engine/Content/EngineDebugMaterials/MAT_LevelColorationLitLightmapUV.uasset" 199
"../../../Engine/Content/EngineDebugMaterials/M_SimpleTranslucent.uasset" 200
"../../../Engine/Content/EngineDebugMaterials/ShadedLevelColorationLitMaterial.uasset" 201
"../../../Engine/Content/EngineDebugMaterials/ShadedLevelColorationUnlitMateri.uasset" 202
"../../../Engine/Content/EngineDebugMaterials/VertexColorMaterial.uasset" 203
"../../../Engine/Content/EngineDebugMaterials/VertexColorViewMode_AlphaAsColor.uasset" 204
"../../../Engine/Content/EngineDebugMaterials/VertexColorViewMode_BlueOnly.uasset" 205
"../../../Engine/Content/EngineDebugMaterials/VertexColorViewMode_ColorOnly.uasset" 206
"../../../Engine/Content/EngineDebugMaterials/VertexColorViewMode_GreenOnly.uasset" 207
"../../../Engine/Content/EngineDebugMaterials/VertexColorViewMode_RedOnly.uasset" 208
"../../../Engine/Content/EngineDebugMaterials/WireframeMaterial.uasset" 209
"../../../Engine/Content/EngineFonts/Faces/RobotoBold.uasset" 210
"../../../Engine/Content/EngineFonts/Faces/RobotoBoldItalic.uasset" 211
"../../../Engine/Content/EngineFonts/Faces/RobotoItalic.uasset" 212
"../../../Engine/Content/EngineFonts/Faces/RobotoLight.uasset" 213
"../../../Engine/Content/EngineFonts/Faces/RobotoRegular.uasset" 214
"../../../Engine/Content/EngineFonts/Roboto.uasset" 215
"../../../Engine/Content/EngineFonts/Faces/RobotoTiny.uasset" 216
"../../../Engine/Content/EngineFonts/RobotoTiny.uasset" 217
"../../../Engine/Content/EngineFonts/SmallFont.uasset" 218
"../../../Engine/Content/EngineFonts/TinyFont.uasset" 219
"../../../Engine/Content/EngineResources/WhiteSquareTexture.uasset" 220
"../../../Engine/Content/EngineMaterials/BlinkingCaret.uasset" 221
"../../../Engine/Content/EngineMaterials/DefaultBokeh.uasset" 222
"../../../Engine/Content/EngineMaterials/DefaultDiffuse.uasset" 223
"../../../Engine/Content/EngineMaterials/DefaultDeferredDecalMaterial.uasset" 224
"../../../Engine/Content/EngineMaterials/DefaultLightFunctionMaterial.uasset" 225
"../../../Engine/Content/EngineMaterials/DefaultNormal.uasset" 226
"../../../Engine/Content/EngineMaterials/DefaultPostProcessMaterial.uasset" 227
"../../../Engine/Content/EngineFonts/RobotoDistanceField.uasset" 228
"../../../Engine/Content/EngineMaterials/DefaultTextMaterialOpaque.uasset" 229
"../../../Engine/Content/EngineMaterials/EditorBrushMaterial.uasset" 230
"../../../Engine/Content/EngineMaterials/Good64x64TilingNoiseHighFreq.uasset" 231
"../../../Engine/Content/EngineMaterials/Grid_N.uasset" 232
"../../../Engine/Content/EngineMaterials/HighResolutionScreenshotMaskFunction.uasset" 233
"../../../Engine/Content/EngineMaterials/HighResScreenshot.uasset" 234
"../../../Engine/Content/EngineMaterials/HighResScreenshotCaptureRegion.uasset" 235
"../../../Engine/Content/EngineMaterials/HighResScreenshotMask.uasset" 236
"../../../Engine/Content/EngineMaterials/LandscapeHolePhysicalMaterial.uasset" 237
"../../../Engine/Content/EngineMaterials/InvalidLightmapSettings.uasset" 238
"../../../Engine/Content/EngineMaterials/M_InvalidLightmapSettings.uasset" 239
"../../../Engine/Content/EngineMaterials/PaperDiffuse.uasset" 240
"../../../Engine/Content/EngineMaterials/PaperNormal.uasset" 241
"../../../Engine/Content/EngineMaterials/PhAT_JointLimitMaterial.uasset" 242
"../../../Engine/Content/EngineMaterials/PhysMat_Rubber.uasset" 243
"../../../Engine/Content/EngineMaterials/PreintegratedSkinBRDF.uasset" 244
"../../../Engine/Content/EngineMaterials/RemoveSurfaceMaterial.uasset" 245
"../../../Engine/Content/EngineMaterials/WeightMapPlaceholderTexture.uasset" 246
"../../../Engine/Content/EngineMaterials/Widget3DPassThrough.uasset" 247
"../../../Engine/Content/EngineMaterials/Widget3DPassThrough_Masked.uasset" 248
"../../../Engine/Content/EngineMaterials/Widget3DPassThrough_Opaque.uasset" 249
"../../../Engine/Content/EngineMaterials/Widget3DPassThrough_Masked_OneSided.uasset" 250
"../../../Engine/Content/EngineMaterials/Widget3DPassThrough_Opaque_OneSided.uasset" 251
"../../../Engine/Content/EngineMaterials/Widget3DPassThrough_Translucent.uasset" 252
"../../../Engine/Content/EngineMaterials/Widget3DPassThrough_Translucent_OneSided.uasset" 253
"../../../Engine/Content/EngineMaterials/DefaultMaterial.uasset" 254
"../../../Engine/Content/EngineMeshes/Cube.uasset" 255
"../../../Engine/Content/EngineMeshes/Cylinder.uasset" 256
"../../../Engine/Content/EngineMeshes/Sphere.uasset" 257
"../../../Engine/Content/EngineResources/Black.uasset" 258
"../../../Engine/Content/EngineResources/DefaultTexture.uasset" 259
"../../../Engine/Content/EngineResources/DefaultTextureCube.uasset" 260
"../../../Engine/Content/EngineResources/GradientTexture0.uasset" 261
"../../../Engine/Content/EngineResources/StreamingPauseIcon.uasset" 262
"../../../Engine/Content/EngineResources/M_StreamingPause.uasset" 263
"../../../Engine/Content/EngineSounds/Master.uasset" 264
"../../../Engine/Content/Functions/Engine_MaterialFunctions01/Shading/PowerToRoughness.uasset" 265
"../../../Engine/Content/Maps/Templates/Thumbnails/Default.uasset" 266
"../../../Engine/Content/Maps/Templates/Thumbnails/VR-Basic.uasset" 267
"../../../Engine/Content/MapTemplates/Sky/DaylightAmbientCubemap.uasset" 268
"../../../Engine/Content/MobileResources/T_MobileControls_texture.uasset" 269
"../../../Engine/Content/MobileResources/T_MobileMenu2.uasset" 270
"../../../Engine/Content/MobileResources/HUD/AnalogHat.uasset" 271
"../../../Engine/Content/MobileResources/HUD/VirtualJoystick_Background.uasset" 272
"../../../Engine/Content/MobileResources/HUD/VirtualJoystick_Thumb.uasset" 273
"../../../Engine/Content/MobileResources/HUD/DefaultVirtualJoysticks.uasset" 274
"../../../Engine/Content/MobileResources/HUD/LeftVirtualJoystickOnly.uasset" 275
"../../../Engine/Content/MobileResources/HUD/MobileHUDButton1_off.uasset" 276
"../../../Engine/Content/MobileResources/HUD/MobileHUDButton1_on.uasset" 277
"../../../Engine/Content/MobileResources/HUD/MobileHUDButton2_off.uasset" 278
"../../../Engine/Content/MobileResources/HUD/MobileHUDButton2_on.uasset" 279
"../../../Engine/Content/MobileResources/HUD/MobileHUDButton3.uasset" 280
"../../../Engine/Content/MobileResources/HUD/MobileHUDButtonFire.uasset" 281
"../../../Engine/Content/MobileResources/HUD/MobileHUDDirectionPad.uasset" 282
"../../../Engine/Content/MobileResources/HUD/MobileHUDDirectionPad2.uasset" 283
"../../../Engine/Content/MobileResources/HUD/MobileHUDDirectionPad3.uasset" 284
"../../../Engine/Content/MobileResources/HUD/MobileHUDDirectionStick.uasset" 285
"../../../Engine/Content/MobileResources/HUD/T_Castle_ThumbstickInner.uasset" 286
"../../../Engine/Content/MobileResources/HUD/T_Castle_ThumbstickOutter.uasset" 287
"../../../Engine/Content/Tutorial/ContentIntroCurve.uasset" 288
"../../../Engine/Content/Tutorial/Basics/TutorialAssets/icon_tab_Levels_40x.uasset" 289
"../../../Engine/Content/Tutorial/BlueprintTutorials/TutorialAssets/BlueprintInterface_64x.uasset" 290
"../../../Engine/Content/Tutorial/BlueprintTutorials/TutorialAssets/BlueprintMacroLibrary_64x.uasset" 291
"../../../Engine/Content/Tutorial/BlueprintTutorials/TutorialAssets/Blueprint_64x.uasset" 292
"../../../Engine/Content/Tutorial/BlueprintTutorials/TutorialAssets/Tutorial_BP_Interface.uasset" 293
"../../../Engine/Content/Tutorial/Foliage/TutorialAssets/Foliage.uasset" 294
"../../../Engine/Content/Tutorial/Landscape/TutorialAssets/Landscape.uasset" 295
"../../../Engine/Content/Tutorial/Paper2D/TutorialAssets/Paper2DFlipbook_TutorialIcon.uasset" 296
"../../../Engine/Content/Tutorial/Paper2D/TutorialAssets/Paper2DSprite_TutorialIcon.uasset" 297
"../../../Engine/Content/Tutorial/SubEditors/TutorialAssets/icon_Editor_Preferences_General_40x.uasset" 298
"../../../Engine/Content/Tutorial/SubEditors/TutorialAssets/icon_ShowSkeletalMeshes_40x.uasset" 299
"../../../Engine/Content/Tutorial/SubEditors/TutorialAssets/TutorialMaterial.uasset" 300
"../../../Engine/Content/Tutorial/SubEditors/TutorialAssets/T_SmokeSubUV_8X8.uasset" 301
"../../../Engine/Content/Tutorial/SubEditors/TutorialAssets/T_soft_smoke.uasset" 302
"../../../Engine/Content/Tutorial/SubEditors/TutorialAssets/M_smoke_subUV_blackbody.uasset" 303
"../../../Engine/Content/Tutorial/SubEditors/TutorialAssets/TutorialParticleSystem.uasset" 304
"../../../Engine/Content/EditorMeshes/EditorCube.uasset" 305
"../../../Engine/Content/Tutorial/SubEditors/TutorialAssets/Tutorial_DM.uasset" 306
"../../../Engine/Content/VREditor/Devices/Generic/GenericHMDMaterial.uasset" 307
"../../../Engine/Content/VREditor/Devices/Generic/GenericHMD.uasset" 308
"../../../Engine/Content/VREditor/FloatingText/LineMaterial.uasset" 309
"../../../Engine/Content/VREditor/FloatingText/JointSphere.uasset" 310
"../../../Engine/Content/VREditor/FloatingText/LineSegmentCylinder.uasset" 311
"../../../Engine/Content/VREditor/Fonts/VRText_RobotoLarge.uasset" 312
"../../../Engine/Content/VREditor/Fonts/VRTextMaterial.uasset" 313
"../../../Engine/Content/VREditor/Fonts/TranslucentVRTextMaterial.uasset" 314
"../../../Engine/Content/VREditor/LaserPointer/VR_LaserPower_01.uasset" 315
"../../../Engine/Content/VREditor/LaserPointer/LaserPointerMaterial.uasset" 316
"../../../Engine/Content/VREditor/LaserPointer/LaserPointerMaterialInst.uasset" 317
"../../../Engine/Content/VREditor/LaserPointer/TranslucentLaserPointerMaterialInst.uasset" 318
"../../../Engine/Content/VREditor/LaserPointer/LaserPointerMesh.uasset" 319
"../../../Engine/Content/VREditor/Sounds/VR_grab_Cue.uasset" 320
"../../../Engine/Content/VREditor/Sounds/VR_teleport_Cue.uasset" 321
"../../../Engine/Content/VREditor/TransformGizmo/TransformGizmoMaterial.uasset" 322
"../../../Engine/Content/VREditor/TransformGizmo/TranslucentTransformGizmoMaterial.uasset" 323
"../../../Engine/Content/VREditor/TransformGizmo/BoundingBoxCorner.uasset" 324
"../../../Engine/Content/VREditor/TransformGizmo/BoundingBoxEdge.uasset" 325
"../../../Engine/Content/VREditor/TransformGizmo/PlaneTranslationHandle.uasset" 326
"../../../Engine/Content/VREditor/TransformGizmo/RotationHandle.uasset" 327
"../../../Engine/Content/VREditor/TransformGizmo/RotationHandleFull.uasset" 328
"../../../Engine/Content/VREditor/TransformGizmo/StretchingHandle.uasset" 329
"../../../Engine/Content/VREditor/TransformGizmo/TranslateHandleLong.uasset" 330
"../../../Engine/Content/VREditor/TransformGizmo/TranslationHandle.uasset" 331
"../../../Engine/Content/VREditor/TransformGizmo/UniformScaleHandle.uasset" 332
"../../../Engine/Content/VREditor/Tutorial/UMG/Specialized/AnimsForHands.uasset" 333
"../../../Engine/Content/VREditor/UI/CloseButtonMesh.uasset" 334
"../../../Engine/Content/VREditor/UI/SelectionBarMesh.uasset" 335
"../../../Engine/Content/Functions/Engine_MaterialFunctions01/Gradient/RadialGradient.uasset" 336
"../../../Engine/Content/VREditor/WorldMovementGrid/SimpleGrid.uasset" 337
"../../../Engine/Content/VREditor/WorldMovementGrid/GridMaterial.uasset" 338
"../../../Engine/Content/Functions/Engine_MaterialFunctions01/Density/ExponentialDensity.uasset" 339
"../../../Engine/Content/VREditor/WorldMovementGrid/GridPostProcess.uasset" 340
"../../../Engine/Content/EditorLandscapeResources/FlattenHeightMat.uasset" 341
"../../../Engine/Content/VREditor/WorldMovementGrid/PlaneMesh.uasset" 342
"../../../Test3rd_Vicente/Content/FirstPerson/Character/Mesh/SK_Mannequin_Arms_Skeleton.uasset" 343
"../../../Test3rd_Vicente/Content/FirstPerson/Animations/FirstPerson_Idle.uasset" 344
"../../../Test3rd_Vicente/Content/FirstPerson/Animations/FirstPerson_JumpEnd.uasset" 345
"../../../Test3rd_Vicente/Content/FirstPerson/Animations/FirstPerson_JumpLoop.uasset" 346
"../../../Test3rd_Vicente/Content/FirstPerson/Animations/FirstPerson_JumpStart.uasset" 347
"../../../Test3rd_Vicente/Content/FirstPerson/Animations/FirstPerson_Run.uasset" 348
"../../../Test3rd_Vicente/Content/FirstPerson/Animations/FirstPerson_AnimBP.uasset" 349
"../../../Test3rd_Vicente/Content/FirstPerson/Animations/FirstPerson_Fire.uasset" 350
"../../../Test3rd_Vicente/Content/FirstPerson/Animations/FirstPersonFire_Montage.uasset" 351
"../../../Test3rd_Vicente/Content/FirstPerson/Audio/FirstPersonTemplateWeaponFire02.uasset" 352
"../../../Engine/Content/Functions/Engine_MaterialFunctions02/Utility/BlendAngleCorrectedNormals.uasset" 353
"../../../Engine/Content/Functions/MaterialLayerFunctions/MatLayerBlend_NormalBlend.uasset" 354
"../../../Engine/Content/Functions/MaterialLayerFunctions/MatLayerBlend_Simple.uasset" 355
"../../../Test3rd_Vicente/Content/FirstPerson/Character/Materials/MaterialLayers/T_ML_Rubber_Blue_01_D.uasset" 356
"../../../Test3rd_Vicente/Content/FirstPerson/Character/Materials/MaterialLayers/T_ML_Rubber_Blue_01_N.uasset" 357
"../../../Test3rd_Vicente/Content/FirstPerson/Character/Materials/MaterialLayers/ML_GlossyBlack_Latex_UE4.uasset" 358
"../../../Test3rd_Vicente/Content/FirstPerson/Character/Materials/MaterialLayers/ML_Plastic_Shiny_Beige.uasset" 359
"../../../Test3rd_Vicente/Content/FirstPerson/Character/Textures/UE4_LOGO_CARD.uasset" 360
"../../../Test3rd_Vicente/Content/FirstPerson/Character/Materials/MaterialLayers/ML_Plastic_Shiny_Beige_LOGO.uasset" 361
"../../../Test3rd_Vicente/Content/FirstPerson/Character/Materials/MaterialLayers/T_ML_Aluminum01.uasset" 362
"../../../Test3rd_Vicente/Content/FirstPerson/Character/Materials/MaterialLayers/T_ML_Aluminum01_N.uasset" 363
"../../../Test3rd_Vicente/Content/FirstPerson/Character/Materials/MaterialLayers/ML_SoftMetal_UE4.uasset" 364
"../../../Test3rd_Vicente/Content/FirstPerson/Character/Textures/UE4_Mannequin__normals.uasset" 365
"../../../Test3rd_Vicente/Content/FirstPerson/Character/Textures/UE4_Mannequin_MAT_MASKA.uasset" 366
"../../../Test3rd_Vicente/Content/FirstPerson/Character/Materials/M_UE4Man_Body.uasset" 367
"../../../Test3rd_Vicente/Content/FirstPerson/Character/Mesh/SK_Mannequin_Arms_PhysicsAsset.uasset" 368
"../../../Test3rd_Vicente/Content/FirstPerson/Character/Mesh/SK_Mannequin_Arms.uasset" 369
"../../../Test3rd_Vicente/Content/FirstPerson/FPWeapon/Materials/MaterialLayers/T_ML_Rubber_Blue_01_D.uasset" 370
"../../../Test3rd_Vicente/Content/FirstPerson/FPWeapon/Materials/MaterialLayers/T_ML_Rubber_Blue_01_N.uasset" 371
"../../../Test3rd_Vicente/Content/FirstPerson/FPWeapon/Materials/MaterialLayers/ML_GlossyBlack_Latex_UE4.uasset" 372
"../../../Test3rd_Vicente/Content/FirstPerson/FPWeapon/Materials/MaterialLayers/ML_Plastic_Shiny_Beige.uasset" 373
"../../../Test3rd_Vicente/Content/FirstPerson/FPWeapon/Materials/MaterialLayers/ML_Screen.uasset" 374
"../../../Test3rd_Vicente/Content/FirstPerson/FPWeapon/Materials/MaterialLayers/T_ML_Aluminum01.uasset" 375
"../../../Test3rd_Vicente/Content/FirstPerson/FPWeapon/Materials/MaterialLayers/T_ML_Aluminum01_N.uasset" 376
"../../../Test3rd_Vicente/Content/FirstPerson/FPWeapon/Materials/MaterialLayers/ML_SoftMetal_UE4.uasset" 377
"../../../Test3rd_Vicente/Content/FirstPerson/FPWeapon/Textures/T_FPGun_M.uasset" 378
"../../../Test3rd_Vicente/Content/FirstPerson/FPWeapon/Textures/T_FPGun_N.uasset" 379
"../../../Test3rd_Vicente/Content/FirstPerson/FPWeapon/Materials/M_FPGun.uasset" 380
"../../../Test3rd_Vicente/Content/FirstPerson/FPWeapon/Mesh/SK_FPGun_Skeleton.uasset" 381
"../../../Test3rd_Vicente/Content/FirstPerson/FPWeapon/Mesh/SK_FPGun.uasset" 382
"../../../Test3rd_Vicente/Content/FirstPersonBP/Blueprints/FirstPersonCharacter.uasset" 383
"../../../Engine/Plugins/2D/Paper2D/Content/PlaceholderTextures/DummySpriteTexture.uasset" 384
"../../../Engine/Plugins/2D/Paper2D/Content/DummySpriteTexture.uasset" 385
"../../../Engine/Plugins/2D/Paper2D/Content/DummySprite.uasset" 386
"../../../Engine/Plugins/2D/Paper2D/Content/DefaultPaperTerrainMaterial.uasset" 387
"../../../Engine/Plugins/2D/Paper2D/Content/DefaultSpriteMaterial.uasset" 388
"../../../Engine/Plugins/2D/Paper2D/Content/MaskedUnlitSpriteMaterial.uasset" 389
"../../../Engine/Plugins/2D/Paper2D/Content/OpaqueUnlitSpriteMaterial.uasset" 390
"../../../Test3rd_Vicente/Content/AnimStarterPack/UE4_Mannequin/Mesh/UE4_Mannequin_Skeleton.uasset" 391
"../../../Test3rd_Vicente/Content/AnimStarterPack/Death_Ironsights_1.uasset" 392
"../../../Test3rd_Vicente/Content/AnimStarterPack/Death_Ironsights_2.uasset" 393
"../../../Test3rd_Vicente/Content/AnimStarterPack/Equip_Pistol_Standing.uasset" 394
"../../../Test3rd_Vicente/Content/AnimStarterPack/Equip_Rifle_Standing.uasset" 395
"../../../Test3rd_Vicente/Content/AnimStarterPack/Fire_Rifle_Hip.uasset" 396
"../../../Test3rd_Vicente/Content/AnimStarterPack/Fire_Rifle_Ironsights.uasset" 397
"../../../Test3rd_Vicente/Content/AnimStarterPack/Fire_Shotgun_Hip.uasset" 398
"../../../Test3rd_Vicente/Content/AnimStarterPack/Fire_Shotgun_Ironsights.uasset" 399
"../../../Test3rd_Vicente/Content/AnimStarterPack/Hit_React_1.uasset" 400
"../../../Test3rd_Vicente/Content/AnimStarterPack/Hit_React_2.uasset" 401
"../../../Test3rd_Vicente/Content/AnimStarterPack/Hit_React_3.uasset" 402
"../../../Test3rd_Vicente/Content/AnimStarterPack/Hit_React_4.uasset" 403
"../../../Test3rd_Vicente/Content/AnimStarterPack/Idle_Pistol.uasset" 404
"../../../Test3rd_Vicente/Content/AnimStarterPack/Idle_Rifle_Hip_Break1.uasset" 405
"../../../Test3rd_Vicente/Content/AnimStarterPack/Idle_Rifle_Hip_Break2.uasset" 406
"../../../Test3rd_Vicente/Content/AnimStarterPack/Idle_Rifle_Ironsights.uasset" 407
"../../../Test3rd_Vicente/Content/AnimStarterPack/Jump_From_Stand_Ironsights.uasset" 408
"../../../Test3rd_Vicente/Content/AnimStarterPack/Prone_Death_1.uasset" 409
"../../../Test3rd_Vicente/Content/AnimStarterPack/Prone_Death_2.uasset" 410
"../../../Test3rd_Vicente/Content/AnimStarterPack/Prone_Fire_1.uasset" 411
"../../../Test3rd_Vicente/Content/AnimStarterPack/Prone_Fire_2.uasset" 412
"../../../Test3rd_Vicente/Content/AnimStarterPack/Prone_Idle.uasset" 413
"../../../Test3rd_Vicente/Content/AnimStarterPack/Prone_Reload_Rifle.uasset" 414
"../../../Test3rd_Vicente/Content/AnimStarterPack/Prone_Reload_Shotgun.uasset" 415
"../../../Test3rd_Vicente/Content/AnimStarterPack/Prone_To_Stand.uasset" 416
"../../../Test3rd_Vicente/Content/AnimStarterPack/Reload_Pistol.uasset" 417
"../../../Test3rd_Vicente/Content/AnimStarterPack/Reload_Rifle_Hip.uasset" 418
"../../../Test3rd_Vicente/Content/AnimStarterPack/Reload_Rifle_Ironsights.uasset" 419
"../../../Test3rd_Vicente/Content/AnimStarterPack/Reload_Shotgun_Hip.uasset" 420
"../../../Test3rd_Vicente/Content/AnimStarterPack/Reload_Shotgun_Ironsights.uasset" 421
"../../../Test3rd_Vicente/Content/AnimStarterPack/Sprint_Fwd_Rifle.uasset" 422
"../../../Test3rd_Vicente/Content/AnimStarterPack/Stand_to_Crouch_Rifle_Hip.uasset" 423
"../../../Test3rd_Vicente/Content/AnimStarterPack/Stand_to_Crouch_Rifle_Ironsights.uasset" 424
"../../../Test3rd_Vicente/Content/AnimStarterPack/Stand_To_Prone.uasset" 425
"../../../Test3rd_Vicente/Content/AnimStarterPack/Walk_Bwd_Rifle_Ironsights.uasset" 426
"../../../Test3rd_Vicente/Content/AnimStarterPack/Walk_Fwd_Rifle_Ironsights.uasset" 427
"../../../Test3rd_Vicente/Content/AnimStarterPack/Walk_Lt_Rifle_Ironsights.uasset" 428
"../../../Test3rd_Vicente/Content/AnimStarterPack/Walk_Rt_Rifle_Ironsights.uasset" 429
"../../../Test3rd_Vicente/Content/Systems/Weapon/WeaponTypes.uasset" 430
"../../../Engine/Content/EngineSky/C_Sky_Cloud_Color.uasset" 431
"../../../Engine/Content/EngineSky/C_Sky_Horizon_Color.uasset" 432
"../../../Engine/Content/EngineSky/C_Sky_Zenith_Color.uasset" 433
"../../../Engine/Content/EngineSky/T_Sky_Blue.uasset" 434
"../../../Engine/Content/EngineSky/T_Sky_Clouds_M.uasset" 435
"../../../Engine/Content/EngineSky/T_Sky_Stars.uasset" 436
"../../../Engine/Content/EngineSky/M_Sky_Panning_Clouds2.uasset" 437
"../../../Engine/Content/EngineSky/SM_SkySphere.uasset" 438
"../../../Engine/Content/EngineSky/BP_Sky_Sphere.uasset" 439
"../../../Test3rd_Vicente/Content/StarterContent/NewThings/slsna3l82hog-Shotgun/Sg_Diffuse.uasset" 440
"../../../Test3rd_Vicente/Content/StarterContent/NewThings/slsna3l82hog-Shotgun/Sg_normals.uasset" 441
"../../../Test3rd_Vicente/Content/StarterContent/NewThings/slsna3l82hog-Shotgun/Sg_Spec.uasset" 442
"../../../Test3rd_Vicente/Content/StarterContent/NewThings/slsna3l82hog-Shotgun/Shotgun_Texture.uasset" 443
"../../../Test3rd_Vicente/Content/StarterContent/NewThings/slsna3l82hog-Shotgun/Shotgun.uasset" 444
"../../../Test3rd_Vicente/Content/StarterContent/NewThings/slsna3l82hog-Shotgun/ShotgunBP.uasset" 445
"../../../Test3rd_Vicente/Content/StarterContent/Materials/M_Glass.uasset" 446
"../../../Test3rd_Vicente/Content/StarterContent/Textures/T_MacroVariation.uasset" 447
"../../../Test3rd_Vicente/Content/StarterContent/Materials/M_Metal_Chrome.uasset" 448
"../../../Test3rd_Vicente/Content/StarterContent/Textures/T_Wood_Walnut_D.uasset" 449
"../../../Test3rd_Vicente/Content/StarterContent/Textures/T_Wood_Walnut_N.uasset" 450
"../../../Test3rd_Vicente/Content/StarterContent/Materials/M_Wood_Walnut.uasset" 451
"../../../Engine/Content/BasicShapes/Cube.uasset" 452
"../../../Test3rd_Vicente/Content/ThirdPersonBP/Blueprints/Elevator.uasset" 453
"../../../Test3rd_Vicente/Content/ThirdPersonBP/Blueprints/Sliding_Door.uasset" 454
"../../../Test3rd_Vicente/Content/AnimStarterPack/Crouch_Idle_Rifle_Hip.uasset" 455
"../../../Test3rd_Vicente/Content/AnimStarterPack/Idle_Rifle_Hip.uasset" 456
"../../../Test3rd_Vicente/Content/AnimStarterPack/Jump_From_Jog.uasset" 457
"../../../Test3rd_Vicente/Content/AnimStarterPack/Jump_From_Stand.uasset" 458
"../../../Test3rd_Vicente/Content/AnimStarterPack/Crouch_Walk_Bwd_Rifle_Hip.uasset" 459
"../../../Test3rd_Vicente/Content/AnimStarterPack/Crouch_Walk_Fwd_Rifle_Hip.uasset" 460
"../../../Test3rd_Vicente/Content/AnimStarterPack/Crouch_Walk_Lt_Rifle_Hip.uasset" 461
"../../../Test3rd_Vicente/Content/AnimStarterPack/Crouch_Walk_Rt_Rifle_Hip.uasset" 462
"../../../Test3rd_Vicente/Content/AnimStarterPack/BS_CrouchWalk.uasset" 463
"../../../Test3rd_Vicente/Content/AnimStarterPack/Jog_Bwd_Rifle.uasset" 464
"../../../Test3rd_Vicente/Content/AnimStarterPack/Jog_Fwd_Rifle.uasset" 465
"../../../Test3rd_Vicente/Content/AnimStarterPack/Jog_Lt_Rifle.uasset" 466
"../../../Test3rd_Vicente/Content/AnimStarterPack/Jog_Rt_Rifle.uasset" 467
"../../../Test3rd_Vicente/Content/AnimStarterPack/BS_Jog.uasset" 468
"../../../Test3rd_Vicente/Content/AnimStarterPack/UE4ASP_HeroTPP_AnimBlueprint.uasset" 469
"../../../Engine/Content/BasicShapes/BasicShapeMaterial.uasset" 470
"../../../Engine/Content/BasicShapes/Sphere.uasset" 471
"../../../Test3rd_Vicente/Content/Systems/Weapon/BaseProjectile.uasset" 472
"../../../Test3rd_Vicente/Content/Systems/Weapon/BaseWeapon.uasset" 473
"../../../Test3rd_Vicente/Content/StarterContent/Textures/T_Metal_Gold_D.uasset" 474
"../../../Test3rd_Vicente/Content/StarterContent/Textures/T_Metal_Gold_N.uasset" 475
"../../../Test3rd_Vicente/Content/StarterContent/Materials/M_Metal_Gold.uasset" 476
"../../../Engine/Content/Functions/MaterialLayerFunctions/MatLayerBlend_AO.uasset" 477
"../../../Test3rd_Vicente/Content/AnimStarterPack/UE4_Mannequin/Materials/MaterialLayers/T_ML_Rubber_Blue_01_D.uasset" 478
"../../../Test3rd_Vicente/Content/AnimStarterPack/UE4_Mannequin/Materials/MaterialLayers/T_ML_Rubber_Blue_01_N.uasset" 479
"../../../Test3rd_Vicente/Content/AnimStarterPack/UE4_Mannequin/Materials/MaterialLayers/ML_GlossyBlack_Latex_UE4.uasset" 480
"../../../Test3rd_Vicente/Content/AnimStarterPack/UE4_Mannequin/Materials/MaterialLayers/ML_Plastic_Shiny_Beige.uasset" 481
"../../../Test3rd_Vicente/Content/AnimStarterPack/UE4_Mannequin/Textures/UE4_LOGO_CARD.uasset" 482
"../../../Test3rd_Vicente/Content/AnimStarterPack/UE4_Mannequin/Materials/MaterialLayers/ML_Plastic_Shiny_Beige_LOGO.uasset" 483
"../../../Test3rd_Vicente/Content/AnimStarterPack/UE4_Mannequin/Materials/MaterialLayers/T_ML_Aluminum01.uasset" 484
"../../../Test3rd_Vicente/Content/AnimStarterPack/UE4_Mannequin/Materials/MaterialLayers/T_ML_Aluminum01_N.uasset" 485
"../../../Test3rd_Vicente/Content/AnimStarterPack/UE4_Mannequin/Materials/MaterialLayers/ML_SoftMetal_UE4.uasset" 486
"../../../Test3rd_Vicente/Content/AnimStarterPack/UE4_Mannequin/Textures/UE4_Mannequin__normals.uasset" 487
"../../../Test3rd_Vicente/Content/AnimStarterPack/UE4_Mannequin/Textures/UE4_Mannequin_MAT_MASKA.uasset" 488
"../../../Test3rd_Vicente/Content/AnimStarterPack/UE4_Mannequin/Textures/UE4_Mannequin_occlusion_Mobile.uasset" 489
"../../../Test3rd_Vicente/Content/AnimStarterPack/UE4_Mannequin/Materials/M_UE4Man_Body.uasset" 490
"../../../Test3rd_Vicente/Content/AnimStarterPack/UE4_Mannequin/Textures/UE4Man_Logo_N.uasset" 491
"../../../Test3rd_Vicente/Content/AnimStarterPack/UE4_Mannequin/Materials/M_UE4Man_ChestLogo.uasset" 492
"../../../Test3rd_Vicente/Content/AnimStarterPack/UE4_Mannequin/Mesh/SK_Mannequin_PhysicsAsset.uasset" 493
"../../../Test3rd_Vicente/Content/AnimStarterPack/UE4_Mannequin/Mesh/SK_Mannequin.uasset" 494
"../../../Test3rd_Vicente/Content/AnimStarterPack/Ue4ASP_Character.uasset" 495
"../../../Test3rd_Vicente/Content/Mannequin/Character/Mesh/UE4_Mannequin_Skeleton.uasset" 496
"../../../Test3rd_Vicente/Content/Mannequin/Animations/ThirdPerson_Jump.uasset" 497
"../../../Test3rd_Vicente/Content/Mannequin/Animations/ThirdPersonJump_Loop.uasset" 498
"../../../Test3rd_Vicente/Content/Mannequin/Animations/ThirdPersonJump_Start.uasset" 499
"../../../Test3rd_Vicente/Content/Mannequin/Animations/ThirdPersonIdle.uasset" 500
"../../../Test3rd_Vicente/Content/Mannequin/Animations/ThirdPersonRun.uasset" 501
"../../../Test3rd_Vicente/Content/Mannequin/Animations/ThirdPersonWalk.uasset" 502
"../../../Test3rd_Vicente/Content/Mannequin/Animations/ThirdPerson_IdleRun_2D.uasset" 503
"../../../Test3rd_Vicente/Content/Mannequin/Animations/ThirdPerson_AnimBP.uasset" 504
"../../../Test3rd_Vicente/Content/Mannequin/Character/Materials/MaterialLayers/T_ML_Rubber_Blue_01_D.uasset" 505
"../../../Test3rd_Vicente/Content/Mannequin/Character/Materials/MaterialLayers/T_ML_Rubber_Blue_01_N.uasset" 506
"../../../Test3rd_Vicente/Content/Mannequin/Character/Materials/MaterialLayers/ML_GlossyBlack_Latex_UE4.uasset" 507
"../../../Test3rd_Vicente/Content/Mannequin/Character/Materials/MaterialLayers/ML_Plastic_Shiny_Beige.uasset" 508
"../../../Test3rd_Vicente/Content/Mannequin/Character/Textures/UE4_LOGO_CARD.uasset" 509
"../../../Test3rd_Vicente/Content/Mannequin/Character/Materials/MaterialLayers/ML_Plastic_Shiny_Beige_LOGO.uasset" 510
"../../../Test3rd_Vicente/Content/Mannequin/Character/Materials/MaterialLayers/T_ML_Aluminum01.uasset" 511
"../../../Test3rd_Vicente/Content/Mannequin/Character/Materials/MaterialLayers/T_ML_Aluminum01_N.uasset" 512
"../../../Test3rd_Vicente/Content/Mannequin/Character/Materials/MaterialLayers/ML_SoftMetal_UE4.uasset" 513
"../../../Test3rd_Vicente/Content/Mannequin/Character/Textures/UE4_Mannequin__normals.uasset" 514
"../../../Test3rd_Vicente/Content/Mannequin/Character/Textures/UE4_Mannequin_MAT_MASKA.uasset" 515
"../../../Test3rd_Vicente/Content/Mannequin/Character/Materials/M_UE4Man_Body.uasset" 516
"../../../Test3rd_Vicente/Content/Mannequin/Character/Textures/UE4Man_Logo_N.uasset" 517
"../../../Test3rd_Vicente/Content/Mannequin/Character/Materials/M_UE4Man_ChestLogo.uasset" 518
"../../../Test3rd_Vicente/Content/Mannequin/Character/Mesh/SK_Mannequin_PhysicsAsset.uasset" 519
"../../../Test3rd_Vicente/Content/Mannequin/Character/Mesh/SK_Mannequin.uasset" 520
"../../../Test3rd_Vicente/Content/ThirdPersonBP/Blueprints/PausedScreen.uasset" 521
"../../../Test3rd_Vicente/Content/ThirdPersonBP/Blueprints/ThirdPersonCharacter.uasset" 522
"../../../Test3rd_Vicente/Content/ThirdPersonBP/Blueprints/HealthBar.uasset" 523
"../../../Test3rd_Vicente/Content/ThirdPersonBP/Blueprints/HUD_tp.uasset" 524
"../../../Test3rd_Vicente/Content/ThirdPersonBP/Blueprints/ThirdPersonGameMode.uasset" 525
"../../../Test3rd_Vicente/Content/StarterContent/Textures/T_Tech_Hex_Tile_M.uasset" 526
"../../../Test3rd_Vicente/Content/StarterContent/Textures/T_Tech_Hex_Tile_N.uasset" 527
"../../../Test3rd_Vicente/Content/StarterContent/Materials/M_Tech_Hex_Tile.uasset" 528
"../../../Test3rd_Vicente/Content/StarterContent/Textures/T_Burst_M.uasset" 529
"../../../Test3rd_Vicente/Content/StarterContent/Particles/Materials/M_Burst.uasset" 530
"../../../Test3rd_Vicente/Content/StarterContent/Textures/T_Explosion_SubUV.uasset" 531
"../../../Test3rd_Vicente/Content/StarterContent/Particles/Materials/M_explosion_subUV.uasset" 532
"../../../Test3rd_Vicente/Content/StarterContent/Particles/Materials/m_flare_01.uasset" 533
"../../../Test3rd_Vicente/Content/StarterContent/Particles/Materials/M_radial_ramp.uasset" 534
"../../../Test3rd_Vicente/Content/StarterContent/Textures/T_Smoke_SubUV.uasset" 535
"../../../Test3rd_Vicente/Content/StarterContent/Textures/T_Smoke_Tiled_D.uasset" 536
"../../../Test3rd_Vicente/Content/StarterContent/Particles/Materials/M_smoke_subUV.uasset" 537
"../../../Test3rd_Vicente/Content/StarterContent/Particles/P_Explosion.uasset" 538
"../../../Test3rd_Vicente/Content/StarterContent/Props/MaterialSphere.uasset" 539
"../../../Test3rd_Vicente/Content/ThirdPersonBP/Blueprints/Trap_chaser.uasset" 540
"../../../Test3rd_Vicente/Content/ThirdPersonBP/Blueprints/Tp_chaser.uasset" 541
"../../../Test3rd_Vicente/Content/ThirdPersonBP/Blueprints/Trap.uasset" 542
"../../../Test3rd_Vicente/Content/Vehicle/Sedan/Sedan_Skeleton.uasset" 543
"../../../Test3rd_Vicente/Content/Vehicle/Sedan/Sedan_AnimBP.uasset" 544
"../../../Test3rd_Vicente/Content/VehicleBP/Blueprints/VehicleHUD.uasset" 545
"../../../Test3rd_Vicente/Content/VehicleBP/Sedan/Sedan_BackWheel.uasset" 546
"../../../Test3rd_Vicente/Content/VehicleBP/Sedan/Sedan_FrontWheel.uasset" 547
"../../../Engine/Content/EngineMaterials/AntiAliasedTextMaterialTranslucent.uasset" 548
"../../../Test3rd_Vicente/Content/Vehicle/Sedan/Sedan_PhysMat.uasset" 549
"../../../Test3rd_Vicente/Content/Vehicle/Sedan/Materials/M_Vehicle_Sedan.uasset" 550
"../../../Test3rd_Vicente/Content/Vehicle/Sedan/Materials/M_Vehicle_Sedan_Inst_Glass.uasset" 551
"../../../Test3rd_Vicente/Content/Vehicle/Sedan/Materials/M_Vehicle_Sedan_Inst_Headlights.uasset" 552
"../../../Test3rd_Vicente/Content/Vehicle/Sedan/Materials/M_Vehicle_Sedan_Inst_Plastic.uasset" 553
"../../../Test3rd_Vicente/Content/Vehicle/Sedan/Materials/M_Vehicle_Sedan_Inst_TailLights.uasset" 554
"../../../Test3rd_Vicente/Content/Vehicle/Sedan/Materials/M_Vehicle_Sedan_Inst_Tires.uasset" 555
"../../../Test3rd_Vicente/Content/Vehicle/Sedan/Materials/M_Vehicle_Sedan_Inst_Wheels.uasset" 556
"../../../Test3rd_Vicente/Content/Vehicle/Sedan/Sedan_PhysicsAsset.uasset" 557
"../../../Test3rd_Vicente/Content/Vehicle/Sedan/Sedan_SkelMesh.uasset" 558
"../../../Test3rd_Vicente/Content/VehicleBP/Sedan/Sedan.uasset" 559
"../../../Test3rd_Vicente/Content/ThirdPersonBP/Maps/ThirdPersonExampleMap_BuiltData.uasset" 560
"../../../Test3rd_Vicente/Content/StarterContent/Materials/M_AssetPlatform.uasset" 561
"../../../Test3rd_Vicente/Content/StarterContent/Textures/T_Concrete_Tiles_D.uasset" 562
"../../../Test3rd_Vicente/Content/StarterContent/Textures/T_Concrete_Tiles_M.uasset" 563
"../../../Test3rd_Vicente/Content/StarterContent/Textures/T_Concrete_Tiles_N.uasset" 564
"../../../Test3rd_Vicente/Content/StarterContent/Textures/T_Concrete_Tiles_Variation_M.uasset" 565
"../../../Test3rd_Vicente/Content/StarterContent/Materials/M_Concrete_Tiles.uasset" 566
"../../../Test3rd_Vicente/Content/StarterContent/Textures/T_Ground_Grass_D.uasset" 567
"../../../Test3rd_Vicente/Content/StarterContent/Textures/T_Ground_Grass_N.uasset" 568
"../../../Test3rd_Vicente/Content/StarterContent/Textures/T_Perlin_Noise_M.uasset" 569
"../../../Test3rd_Vicente/Content/StarterContent/Materials/M_Ground_Grass.uasset" 570
"../../../Test3rd_Vicente/Content/StarterContent/Textures/T_ground_Moss_D.uasset" 571
"../../../Test3rd_Vicente/Content/StarterContent/Textures/T_Ground_Moss_N.uasset" 572
"../../../Test3rd_Vicente/Content/StarterContent/Materials/M_Ground_Moss.uasset" 573
"../../../Test3rd_Vicente/Content/StarterContent/Textures/T_Metal_Aluminum_D.uasset" 574
"../../../Test3rd_Vicente/Content/StarterContent/Materials/M_Metal_Burnished_Steel.uasset" 575
"../../../Test3rd_Vicente/Content/Geometry/Meshes/CubeMaterial.uasset" 576
"../../../Test3rd_Vicente/Content/Geometry/Meshes/1M_Cube.uasset" 577
"../../../Test3rd_Vicente/Content/Geometry/Meshes/1M_Cube_Chamfer.uasset" 578
"../../../Test3rd_Vicente/Content/Geometry/Meshes/TemplateFloor.uasset" 579
"../../../Test3rd_Vicente/Content/StarterContent/Materials/M_Basic_Floor.uasset" 580
"../../../Test3rd_Vicente/Content/OutofBoxStair_StaticMesh.uasset" 581
"../../../Test3rd_Vicente/Content/ThirdPerson/Meshes/RampMaterial.uasset" 582
"../../../Test3rd_Vicente/Content/ThirdPerson/Meshes/Bump_StaticMesh.uasset" 583
"../../../Test3rd_Vicente/Content/ThirdPerson/Meshes/LeftArm_StaticMesh.uasset" 584
"../../../Test3rd_Vicente/Content/ThirdPerson/Meshes/Linear_Stair_StaticMesh.uasset" 585
"../../../Test3rd_Vicente/Content/ThirdPerson/Meshes/Ramp_StaticMesh.uasset" 586
"../../../Test3rd_Vicente/Content/ThirdPerson/Meshes/RightArm_StaticMesh.uasset" 587
"../../../Test3rd_Vicente/Content/ThirdPersonBP/Maps/ThirdPersonExampleMap.umap" 588
"../../../Engine/Content/Maps/Entry.umap" 589
